[2026-04-18 17:05:03,283][torch.distributed.nn.jit.instantiator][INFO] - Created a temporary directory at /tmp/tmp3ztnvm1h
[2026-04-18 17:05:03,284][torch.distributed.nn.jit.instantiator][INFO] - Writing /tmp/tmp3ztnvm1h/_remote_module_non_scriptable.py
[2026-04-18 17:51:43,444][torch.distributed.nn.jit.instantiator][INFO] - Created a temporary directory at /tmp/tmpfgy7971u
[2026-04-18 17:51:43,455][torch.distributed.nn.jit.instantiator][INFO] - Writing /tmp/tmpfgy7971u/_remote_module_non_scriptable.py
[2026-04-20 13:54:16,781][torch.distributed.nn.jit.instantiator][INFO] - Created a temporary directory at /tmp/tmpmna7bh5b
[2026-04-20 13:54:16,798][torch.distributed.nn.jit.instantiator][INFO] - Writing /tmp/tmpmna7bh5b/_remote_module_non_scriptable.py
[2026-04-20 14:01:56,685][torch.distributed.nn.jit.instantiator][INFO] - Created a temporary directory at /tmp/tmptjzb3mxj
[2026-04-20 14:01:56,685][torch.distributed.nn.jit.instantiator][INFO] - Writing /tmp/tmptjzb3mxj/_remote_module_non_scriptable.py
[2026-04-20 14:15:33,794][torch.distributed.nn.jit.instantiator][INFO] - Created a temporary directory at /tmp/tmp6e_7mwg1
[2026-04-20 14:15:33,795][torch.distributed.nn.jit.instantiator][INFO] - Writing /tmp/tmp6e_7mwg1/_remote_module_non_scriptable.py
[2026-04-20 14:28:55,339][torch.distributed.nn.jit.instantiator][INFO] - Created a temporary directory at /tmp/tmpfclx3w1n
[2026-04-20 14:28:55,340][torch.distributed.nn.jit.instantiator][INFO] - Writing /tmp/tmpfclx3w1n/_remote_module_non_scriptable.py
[2026-04-20 15:01:00,015][torch.distributed.nn.jit.instantiator][INFO] - Created a temporary directory at /tmp/tmp88m3p5jm
[2026-04-20 15:01:00,016][torch.distributed.nn.jit.instantiator][INFO] - Writing /tmp/tmp88m3p5jm/_remote_module_non_scriptable.py
[2026-04-20 15:04:41,354][torch.distributed.nn.jit.instantiator][INFO] - Created a temporary directory at /tmp/tmp53plq8or
[2026-04-20 15:04:41,355][torch.distributed.nn.jit.instantiator][INFO] - Writing /tmp/tmp53plq8or/_remote_module_non_scriptable.py
[2026-04-20 15:07:32,850][torch.distributed.nn.jit.instantiator][INFO] - Created a temporary directory at /tmp/tmpl442qr82
[2026-04-20 15:07:32,850][torch.distributed.nn.jit.instantiator][INFO] - Writing /tmp/tmpl442qr82/_remote_module_non_scriptable.py
[2026-04-20 15:23:36,025][torch.distributed.nn.jit.instantiator][INFO] - Created a temporary directory at /tmp/tmp_nkof80k
[2026-04-20 15:23:36,025][torch.distributed.nn.jit.instantiator][INFO] - Writing /tmp/tmp_nkof80k/_remote_module_non_scriptable.py
[2026-04-20 15:26:45,730][torch.distributed.nn.jit.instantiator][INFO] - Created a temporary directory at /tmp/tmp6ky_6m6a
[2026-04-20 15:26:45,731][torch.distributed.nn.jit.instantiator][INFO] - Writing /tmp/tmp6ky_6m6a/_remote_module_non_scriptable.py
[2026-04-20 15:27:27,329][torch.distributed.nn.jit.instantiator][INFO] - Created a temporary directory at /tmp/tmpk81h5ic8
[2026-04-20 15:27:27,330][torch.distributed.nn.jit.instantiator][INFO] - Writing /tmp/tmpk81h5ic8/_remote_module_non_scriptable.py
[2026-04-20 15:27:58,315][torch.distributed.nn.jit.instantiator][INFO] - Created a temporary directory at /tmp/tmpmlwo_v32
[2026-04-20 15:27:58,316][torch.distributed.nn.jit.instantiator][INFO] - Writing /tmp/tmpmlwo_v32/_remote_module_non_scriptable.py
[2026-04-20 16:00:09,127][torch.distributed.nn.jit.instantiator][INFO] - Created a temporary directory at /tmp/tmpqod1k9jz
[2026-04-20 16:00:09,128][torch.distributed.nn.jit.instantiator][INFO] - Writing /tmp/tmpqod1k9jz/_remote_module_non_scriptable.py
[2026-04-20 16:17:21,759][torch.distributed.nn.jit.instantiator][INFO] - Created a temporary directory at /tmp/tmppzvbovlm
[2026-04-20 16:17:21,759][torch.distributed.nn.jit.instantiator][INFO] - Writing /tmp/tmppzvbovlm/_remote_module_non_scriptable.py
[2026-04-20 16:34:16,736][torch.distributed.nn.jit.instantiator][INFO] - Created a temporary directory at /tmp/tmptxjx7ba8
[2026-04-20 16:34:16,736][torch.distributed.nn.jit.instantiator][INFO] - Writing /tmp/tmptxjx7ba8/_remote_module_non_scriptable.py
[2026-04-20 16:49:45,688][torch.distributed.nn.jit.instantiator][INFO] - Created a temporary directory at /tmp/tmpszle9ckd
[2026-04-20 16:49:45,688][torch.distributed.nn.jit.instantiator][INFO] - Writing /tmp/tmpszle9ckd/_remote_module_non_scriptable.py
[2026-04-20 16:52:38,652][torch.distributed.nn.jit.instantiator][INFO] - Created a temporary directory at /tmp/tmpp6a120g2
[2026-04-20 16:52:38,653][torch.distributed.nn.jit.instantiator][INFO] - Writing /tmp/tmpp6a120g2/_remote_module_non_scriptable.py
[2026-04-20 16:53:40,152][torch.distributed.nn.jit.instantiator][INFO] - Created a temporary directory at /tmp/tmpllcvkww2
[2026-04-20 16:53:40,153][torch.distributed.nn.jit.instantiator][INFO] - Writing /tmp/tmpllcvkww2/_remote_module_non_scriptable.py
[2026-04-20 16:55:35,247][torch.distributed.nn.jit.instantiator][INFO] - Created a temporary directory at /tmp/tmpuwriyci9
[2026-04-20 16:55:35,247][torch.distributed.nn.jit.instantiator][INFO] - Writing /tmp/tmpuwriyci9/_remote_module_non_scriptable.py
[2026-04-21 11:25:26,445][torch.distributed.nn.jit.instantiator][INFO] - Created a temporary directory at /tmp/tmphzknjg8z
[2026-04-21 11:25:26,448][torch.distributed.nn.jit.instantiator][INFO] - Writing /tmp/tmphzknjg8z/_remote_module_non_scriptable.py
[2026-04-28 17:11:51,158][torch.distributed.nn.jit.instantiator][INFO] - Created a temporary directory at /tmp/tmppvav_78y
[2026-04-28 17:11:51,159][torch.distributed.nn.jit.instantiator][INFO] - Writing /tmp/tmppvav_78y/_remote_module_non_scriptable.py
[2026-04-28 17:31:18,400][torch.distributed.nn.jit.instantiator][INFO] - Created a temporary directory at /tmp/tmp9yutf5zs
[2026-04-28 17:31:18,400][torch.distributed.nn.jit.instantiator][INFO] - Writing /tmp/tmp9yutf5zs/_remote_module_non_scriptable.py
[2026-04-28 17:48:06,591][torch.distributed.nn.jit.instantiator][INFO] - Created a temporary directory at /tmp/tmpu4i511yp
[2026-04-28 17:48:06,603][torch.distributed.nn.jit.instantiator][INFO] - Writing /tmp/tmpu4i511yp/_remote_module_non_scriptable.py
