[2026-04-19 16:32:36,606][torch.distributed.nn.jit.instantiator][INFO] - Created a temporary directory at /tmp/tmplyd7xsuy
[2026-04-19 16:32:36,606][torch.distributed.nn.jit.instantiator][INFO] - Writing /tmp/tmplyd7xsuy/_remote_module_non_scriptable.py
[2026-04-19 16:49:15,064][torch.distributed.nn.jit.instantiator][INFO] - Created a temporary directory at /tmp/tmp_paddqzr
[2026-04-19 16:49:15,065][torch.distributed.nn.jit.instantiator][INFO] - Writing /tmp/tmp_paddqzr/_remote_module_non_scriptable.py
[2026-04-19 16:49:25,646][torch.distributed.nn.jit.instantiator][INFO] - Created a temporary directory at /tmp/tmpwl9nennc
[2026-04-19 16:49:25,646][torch.distributed.nn.jit.instantiator][INFO] - Writing /tmp/tmpwl9nennc/_remote_module_non_scriptable.py
[2026-04-19 16:52:58,856][torch.distributed.nn.jit.instantiator][INFO] - Created a temporary directory at /tmp/tmpydyywvgv
[2026-04-19 16:52:58,856][torch.distributed.nn.jit.instantiator][INFO] - Writing /tmp/tmpydyywvgv/_remote_module_non_scriptable.py
[2026-04-19 17:14:55,183][torch.distributed.nn.jit.instantiator][INFO] - Created a temporary directory at /tmp/tmpb1ykpg72
[2026-04-19 17:14:55,184][torch.distributed.nn.jit.instantiator][INFO] - Writing /tmp/tmpb1ykpg72/_remote_module_non_scriptable.py
[2026-04-19 17:23:27,818][torch.distributed.nn.jit.instantiator][INFO] - Created a temporary directory at /tmp/tmp1gqq_ztd
[2026-04-19 17:23:27,818][torch.distributed.nn.jit.instantiator][INFO] - Writing /tmp/tmp1gqq_ztd/_remote_module_non_scriptable.py
[2026-04-19 17:54:34,797][torch.distributed.nn.jit.instantiator][INFO] - Created a temporary directory at /tmp/tmpomiyrn1n
[2026-04-19 17:54:34,798][torch.distributed.nn.jit.instantiator][INFO] - Writing /tmp/tmpomiyrn1n/_remote_module_non_scriptable.py
[2026-04-19 18:05:46,937][torch.distributed.nn.jit.instantiator][INFO] - Created a temporary directory at /tmp/tmpbwtdy979
[2026-04-19 18:05:46,938][torch.distributed.nn.jit.instantiator][INFO] - Writing /tmp/tmpbwtdy979/_remote_module_non_scriptable.py
[2026-04-19 18:46:42,968][torch.distributed.nn.jit.instantiator][INFO] - Created a temporary directory at /tmp/tmpbin15qpo
[2026-04-19 18:46:42,969][torch.distributed.nn.jit.instantiator][INFO] - Writing /tmp/tmpbin15qpo/_remote_module_non_scriptable.py
[2026-04-19 18:50:07,104][torch.distributed.nn.jit.instantiator][INFO] - Created a temporary directory at /tmp/tmp8c8lt9wz
[2026-04-19 18:50:07,104][torch.distributed.nn.jit.instantiator][INFO] - Writing /tmp/tmp8c8lt9wz/_remote_module_non_scriptable.py
[2026-04-19 18:56:47,382][torch.distributed.nn.jit.instantiator][INFO] - Created a temporary directory at /tmp/tmp3i75vc20
[2026-04-19 18:56:47,382][torch.distributed.nn.jit.instantiator][INFO] - Writing /tmp/tmp3i75vc20/_remote_module_non_scriptable.py
[2026-04-19 19:11:43,877][torch.distributed.nn.jit.instantiator][INFO] - Created a temporary directory at /tmp/tmpsasnv8o1
[2026-04-19 19:11:43,877][torch.distributed.nn.jit.instantiator][INFO] - Writing /tmp/tmpsasnv8o1/_remote_module_non_scriptable.py
[2026-04-19 19:24:30,105][torch.distributed.nn.jit.instantiator][INFO] - Created a temporary directory at /tmp/tmpu5zdl9z_
[2026-04-19 19:24:30,106][torch.distributed.nn.jit.instantiator][INFO] - Writing /tmp/tmpu5zdl9z_/_remote_module_non_scriptable.py
[2026-04-19 19:33:05,139][torch.distributed.nn.jit.instantiator][INFO] - Created a temporary directory at /tmp/tmp35gk58vh
[2026-04-19 19:33:05,139][torch.distributed.nn.jit.instantiator][INFO] - Writing /tmp/tmp35gk58vh/_remote_module_non_scriptable.py
[2026-04-19 19:57:06,167][torch.distributed.nn.jit.instantiator][INFO] - Created a temporary directory at /tmp/tmpx2or9d_8
[2026-04-19 19:57:06,178][torch.distributed.nn.jit.instantiator][INFO] - Writing /tmp/tmpx2or9d_8/_remote_module_non_scriptable.py
[2026-04-19 20:05:45,737][torch.distributed.nn.jit.instantiator][INFO] - Created a temporary directory at /tmp/tmp5r9p09lc
[2026-04-19 20:05:45,737][torch.distributed.nn.jit.instantiator][INFO] - Writing /tmp/tmp5r9p09lc/_remote_module_non_scriptable.py
[2026-04-19 20:29:30,427][torch.distributed.nn.jit.instantiator][INFO] - Created a temporary directory at /tmp/tmp_0jrqytc
[2026-04-19 20:29:30,428][torch.distributed.nn.jit.instantiator][INFO] - Writing /tmp/tmp_0jrqytc/_remote_module_non_scriptable.py
[2026-04-19 20:36:26,365][torch.distributed.nn.jit.instantiator][INFO] - Created a temporary directory at /tmp/tmp0hhl5ff_
[2026-04-19 20:36:26,366][torch.distributed.nn.jit.instantiator][INFO] - Writing /tmp/tmp0hhl5ff_/_remote_module_non_scriptable.py
[2026-04-19 20:43:40,162][torch.distributed.nn.jit.instantiator][INFO] - Created a temporary directory at /tmp/tmpuvlf4ajc
[2026-04-19 20:43:40,163][torch.distributed.nn.jit.instantiator][INFO] - Writing /tmp/tmpuvlf4ajc/_remote_module_non_scriptable.py
[2026-04-19 20:44:08,157][torch.distributed.nn.jit.instantiator][INFO] - Created a temporary directory at /tmp/tmp208sfdst
[2026-04-19 20:44:08,158][torch.distributed.nn.jit.instantiator][INFO] - Writing /tmp/tmp208sfdst/_remote_module_non_scriptable.py
[2026-04-19 20:46:45,871][torch.distributed.nn.jit.instantiator][INFO] - Created a temporary directory at /tmp/tmpmgst4goy
[2026-04-19 20:46:45,871][torch.distributed.nn.jit.instantiator][INFO] - Writing /tmp/tmpmgst4goy/_remote_module_non_scriptable.py
[2026-04-19 21:01:29,662][torch.distributed.nn.jit.instantiator][INFO] - Created a temporary directory at /tmp/tmprde67mle
[2026-04-19 21:01:29,662][torch.distributed.nn.jit.instantiator][INFO] - Writing /tmp/tmprde67mle/_remote_module_non_scriptable.py
[2026-04-19 21:03:17,797][torch.distributed.nn.jit.instantiator][INFO] - Created a temporary directory at /tmp/tmpm1rm1ec1
[2026-04-19 21:03:17,798][torch.distributed.nn.jit.instantiator][INFO] - Writing /tmp/tmpm1rm1ec1/_remote_module_non_scriptable.py
[2026-04-19 21:05:37,376][torch.distributed.nn.jit.instantiator][INFO] - Created a temporary directory at /tmp/tmpq72qcoec
[2026-04-19 21:05:37,377][torch.distributed.nn.jit.instantiator][INFO] - Writing /tmp/tmpq72qcoec/_remote_module_non_scriptable.py
[2026-04-19 21:17:25,125][torch.distributed.nn.jit.instantiator][INFO] - Created a temporary directory at /tmp/tmpv279u1kx
[2026-04-19 21:17:25,125][torch.distributed.nn.jit.instantiator][INFO] - Writing /tmp/tmpv279u1kx/_remote_module_non_scriptable.py
[2026-04-19 21:30:42,574][torch.distributed.nn.jit.instantiator][INFO] - Created a temporary directory at /tmp/tmp2vx69k6m
[2026-04-19 21:30:42,575][torch.distributed.nn.jit.instantiator][INFO] - Writing /tmp/tmp2vx69k6m/_remote_module_non_scriptable.py
[2026-04-19 21:37:33,813][torch.distributed.nn.jit.instantiator][INFO] - Created a temporary directory at /tmp/tmpufpos_jz
[2026-04-19 21:37:33,814][torch.distributed.nn.jit.instantiator][INFO] - Writing /tmp/tmpufpos_jz/_remote_module_non_scriptable.py
[2026-04-19 21:40:25,326][torch.distributed.nn.jit.instantiator][INFO] - Created a temporary directory at /tmp/tmpc2zsir61
[2026-04-19 21:40:25,327][torch.distributed.nn.jit.instantiator][INFO] - Writing /tmp/tmpc2zsir61/_remote_module_non_scriptable.py
[2026-04-19 21:43:43,679][torch.distributed.nn.jit.instantiator][INFO] - Created a temporary directory at /tmp/tmp49351iji
[2026-04-19 21:43:43,680][torch.distributed.nn.jit.instantiator][INFO] - Writing /tmp/tmp49351iji/_remote_module_non_scriptable.py
[2026-04-19 21:48:12,152][torch.distributed.nn.jit.instantiator][INFO] - Created a temporary directory at /tmp/tmpda95p5tm
[2026-04-19 21:48:12,152][torch.distributed.nn.jit.instantiator][INFO] - Writing /tmp/tmpda95p5tm/_remote_module_non_scriptable.py
[2026-04-19 22:03:41,679][torch.distributed.nn.jit.instantiator][INFO] - Created a temporary directory at /tmp/tmpr14dr0lf
[2026-04-19 22:03:41,680][torch.distributed.nn.jit.instantiator][INFO] - Writing /tmp/tmpr14dr0lf/_remote_module_non_scriptable.py
[2026-04-19 22:21:05,024][torch.distributed.nn.jit.instantiator][INFO] - Created a temporary directory at /tmp/tmptmbl38lo
[2026-04-19 22:21:05,024][torch.distributed.nn.jit.instantiator][INFO] - Writing /tmp/tmptmbl38lo/_remote_module_non_scriptable.py
[2026-04-19 22:31:41,334][torch.distributed.nn.jit.instantiator][INFO] - Created a temporary directory at /tmp/tmpb3aus6s7
[2026-04-19 22:31:41,338][torch.distributed.nn.jit.instantiator][INFO] - Writing /tmp/tmpb3aus6s7/_remote_module_non_scriptable.py
[2026-04-19 22:38:46,899][torch.distributed.nn.jit.instantiator][INFO] - Created a temporary directory at /tmp/tmp2x_6cvac
[2026-04-19 22:38:46,899][torch.distributed.nn.jit.instantiator][INFO] - Writing /tmp/tmp2x_6cvac/_remote_module_non_scriptable.py
[2026-04-19 22:47:50,868][torch.distributed.nn.jit.instantiator][INFO] - Created a temporary directory at /tmp/tmphpb9rwmv
[2026-04-19 22:47:50,868][torch.distributed.nn.jit.instantiator][INFO] - Writing /tmp/tmphpb9rwmv/_remote_module_non_scriptable.py
[2026-04-19 22:58:57,652][torch.distributed.nn.jit.instantiator][INFO] - Created a temporary directory at /tmp/tmp8adqon7r
[2026-04-19 22:58:57,652][torch.distributed.nn.jit.instantiator][INFO] - Writing /tmp/tmp8adqon7r/_remote_module_non_scriptable.py
[2026-04-19 23:19:55,781][torch.distributed.nn.jit.instantiator][INFO] - Created a temporary directory at /tmp/tmpaxhkgyj4
[2026-04-19 23:19:55,782][torch.distributed.nn.jit.instantiator][INFO] - Writing /tmp/tmpaxhkgyj4/_remote_module_non_scriptable.py
[2026-04-20 12:34:21,214][torch.distributed.nn.jit.instantiator][INFO] - Created a temporary directory at /tmp/tmpskymy4pi
[2026-04-20 12:34:21,216][torch.distributed.nn.jit.instantiator][INFO] - Writing /tmp/tmpskymy4pi/_remote_module_non_scriptable.py
[2026-04-20 12:49:53,000][torch.distributed.nn.jit.instantiator][INFO] - Created a temporary directory at /tmp/tmpa7adkcjn
[2026-04-20 12:49:53,000][torch.distributed.nn.jit.instantiator][INFO] - Writing /tmp/tmpa7adkcjn/_remote_module_non_scriptable.py
[2026-04-20 12:57:58,492][torch.distributed.nn.jit.instantiator][INFO] - Created a temporary directory at /tmp/tmpw8_gb57w
[2026-04-20 12:57:58,492][torch.distributed.nn.jit.instantiator][INFO] - Writing /tmp/tmpw8_gb57w/_remote_module_non_scriptable.py
[2026-04-20 13:27:28,752][torch.distributed.nn.jit.instantiator][INFO] - Created a temporary directory at /tmp/tmp2_1myby2
[2026-04-20 13:27:28,753][torch.distributed.nn.jit.instantiator][INFO] - Writing /tmp/tmp2_1myby2/_remote_module_non_scriptable.py
[2026-04-20 13:38:48,235][torch.distributed.nn.jit.instantiator][INFO] - Created a temporary directory at /tmp/tmpr57kcwd6
[2026-04-20 13:38:48,238][torch.distributed.nn.jit.instantiator][INFO] - Writing /tmp/tmpr57kcwd6/_remote_module_non_scriptable.py
[2026-04-20 14:02:11,349][torch.distributed.nn.jit.instantiator][INFO] - Created a temporary directory at /tmp/tmpqhn4gvwm
[2026-04-20 14:02:11,349][torch.distributed.nn.jit.instantiator][INFO] - Writing /tmp/tmpqhn4gvwm/_remote_module_non_scriptable.py
[2026-04-20 14:15:10,866][torch.distributed.nn.jit.instantiator][INFO] - Created a temporary directory at /tmp/tmpe5czf_fd
[2026-04-20 14:15:10,866][torch.distributed.nn.jit.instantiator][INFO] - Writing /tmp/tmpe5czf_fd/_remote_module_non_scriptable.py
[2026-04-20 16:09:15,554][torch.distributed.nn.jit.instantiator][INFO] - Created a temporary directory at /tmp/tmp8_k5t9ky
[2026-04-20 16:09:15,556][torch.distributed.nn.jit.instantiator][INFO] - Writing /tmp/tmp8_k5t9ky/_remote_module_non_scriptable.py
[2026-04-20 16:14:01,195][torch.distributed.nn.jit.instantiator][INFO] - Created a temporary directory at /tmp/tmpj9k6qgww
[2026-04-20 16:14:01,195][torch.distributed.nn.jit.instantiator][INFO] - Writing /tmp/tmpj9k6qgww/_remote_module_non_scriptable.py
[2026-04-20 16:42:44,895][torch.distributed.nn.jit.instantiator][INFO] - Created a temporary directory at /tmp/tmpq7si2dxy
[2026-04-20 16:42:44,925][torch.distributed.nn.jit.instantiator][INFO] - Writing /tmp/tmpq7si2dxy/_remote_module_non_scriptable.py
[2026-04-21 11:26:06,694][torch.distributed.nn.jit.instantiator][INFO] - Created a temporary directory at /tmp/tmpp9mocsji
[2026-04-21 11:26:06,695][torch.distributed.nn.jit.instantiator][INFO] - Writing /tmp/tmpp9mocsji/_remote_module_non_scriptable.py
[2026-04-28 16:27:27,847][torch.distributed.nn.jit.instantiator][INFO] - Created a temporary directory at /tmp/tmpm7epdpza
[2026-04-28 16:27:27,849][torch.distributed.nn.jit.instantiator][INFO] - Writing /tmp/tmpm7epdpza/_remote_module_non_scriptable.py
[2026-04-28 17:45:28,601][torch.distributed.nn.jit.instantiator][INFO] - Created a temporary directory at /tmp/tmp_ea3tiub
[2026-04-28 17:45:28,603][torch.distributed.nn.jit.instantiator][INFO] - Writing /tmp/tmp_ea3tiub/_remote_module_non_scriptable.py
[2026-05-12 21:51:56,712][torch.distributed.nn.jit.instantiator][INFO] - Created a temporary directory at /tmp/tmpxuorakyn
[2026-05-12 21:51:56,713][torch.distributed.nn.jit.instantiator][INFO] - Writing /tmp/tmpxuorakyn/_remote_module_non_scriptable.py
