[2026-04-19 17:12:48,267][root][INFO] - Exporting features to /home/hiro/OnePose/data/demo/test_coffee/sfm_model/outputs_superpoint_superglue/feats-superpoint.h5
[2026-04-19 17:22:04,721][root][INFO] - Exporting features to /home/hiro/OnePose/data/demo/test_coffee/sfm_model/outputs_superpoint_superglue/feats-superpoint.h5
[2026-04-19 17:53:28,376][root][INFO] - Exporting features to /home/hiro/OnePose/data/demo/test_coffee/sfm_model/outputs_superpoint_superglue/feats-superpoint.h5
[2026-04-19 18:04:29,718][root][INFO] - Exporting features to /home/hiro/OnePose/data/demo/test_coffee/sfm_model/outputs_superpoint_superglue/feats-superpoint.h5
[2026-04-19 18:04:43,103][root][INFO] - Finishing exporting features.
[2026-04-19 18:55:25,658][root][INFO] - Exporting features to /home/hiro/OnePose/data/demo/test_coffee/sfm_model/outputs_superpoint_superglue/feats-superpoint.h5
[2026-04-19 18:55:34,286][root][INFO] - Finishing exporting features.
[2026-04-19 19:10:37,801][root][INFO] - Exporting features to /home/hiro/OnePose/data/demo/test_coffee/sfm_model/outputs_superpoint_superglue/feats-superpoint.h5
[2026-04-19 19:10:49,373][root][INFO] - Finishing exporting features.
[2026-04-19 19:14:03,252][root][INFO] - Exporting features to /home/hiro/OnePose/data/demo/test_coffee/sfm_model/outputs_superpoint_superglue/feats-superpoint.h5
[2026-04-19 19:14:09,931][root][INFO] - Finishing exporting features.
[2026-04-19 19:14:10,604][root][INFO] - Exporting matches to /home/hiro/OnePose/data/demo/test_coffee/sfm_model/outputs_superpoint_superglue/matches-superglue.h5
[2026-04-19 19:15:02,868][root][INFO] - Finishing exporting matches.
[2026-04-19 19:15:02,874][root][INFO] - Generate empty model...
[2026-04-19 19:15:03,932][root][INFO] - Writing the COLMAP model to /home/hiro/OnePose/data/demo/test_coffee/sfm_model/outputs_superpoint_superglue/sfm_empty
[2026-04-19 19:15:03,941][root][INFO] - Finishing writing model.
[2026-04-19 19:15:04,046][root][INFO] - Importing features into the database...
[2026-04-19 19:15:04,116][root][INFO] - Importing matches into the database...
[2026-04-19 19:15:04,387][root][INFO] - Performing geometric verification of the matches...
[2026-04-19 19:15:05,076][root][WARNING] - Problem with matches_importer, existing.
[2026-04-19 19:42:25,555][root][INFO] - Exporting features to /home/hiro/OnePose/data/demo/test_coffee/sfm_model/outputs_superpoint_superglue/feats-superpoint.h5
[2026-04-19 19:42:33,056][root][INFO] - Finishing exporting features.
[2026-04-19 19:42:33,584][root][INFO] - Exporting matches to /home/hiro/OnePose/data/demo/test_coffee/sfm_model/outputs_superpoint_superglue/matches-superglue.h5
[2026-04-19 19:43:24,527][root][INFO] - Finishing exporting matches.
[2026-04-19 19:43:24,529][root][INFO] - Generate empty model...
[2026-04-19 19:43:25,413][root][INFO] - Writing the COLMAP model to /home/hiro/OnePose/data/demo/test_coffee/sfm_model/outputs_superpoint_superglue/sfm_empty
[2026-04-19 19:43:25,421][root][INFO] - Finishing writing model.
[2026-04-19 19:43:25,522][root][INFO] - Importing features into the database...
[2026-04-19 19:43:25,584][root][INFO] - Importing matches into the database...
[2026-04-19 19:43:25,832][root][INFO] - Performing geometric verification of the matches...
[2026-04-19 19:43:26,061][root][WARNING] - Problem with matches_importer, existing.
[2026-04-19 19:47:43,200][root][INFO] - Exporting features to /home/hiro/OnePose/data/demo/test_coffee/sfm_model/outputs_superpoint_superglue/feats-superpoint.h5
[2026-04-19 19:47:48,676][root][INFO] - Finishing exporting features.
[2026-04-19 19:47:49,260][root][INFO] - Exporting matches to /home/hiro/OnePose/data/demo/test_coffee/sfm_model/outputs_superpoint_superglue/matches-superglue.h5
[2026-04-19 19:48:40,414][root][INFO] - Finishing exporting matches.
[2026-04-19 19:48:40,417][root][INFO] - Generate empty model...
[2026-04-19 19:48:41,294][root][INFO] - Writing the COLMAP model to /home/hiro/OnePose/data/demo/test_coffee/sfm_model/outputs_superpoint_superglue/sfm_empty
[2026-04-19 19:48:41,302][root][INFO] - Finishing writing model.
[2026-04-19 19:48:41,388][root][INFO] - Importing features into the database...
[2026-04-19 19:48:41,451][root][INFO] - Importing matches into the database...
[2026-04-19 19:48:41,703][root][INFO] - Performing geometric verification of the matches...
[2026-04-19 19:48:41,852][root][WARNING] - Problem with matches_importer, existing.
[2026-04-19 19:52:20,741][root][INFO] - Exporting features to /home/hiro/OnePose/data/demo/test_coffee/sfm_model/outputs_superpoint_superglue/feats-superpoint.h5
[2026-04-19 19:52:26,061][root][INFO] - Finishing exporting features.
[2026-04-19 19:52:26,617][root][INFO] - Exporting matches to /home/hiro/OnePose/data/demo/test_coffee/sfm_model/outputs_superpoint_superglue/matches-superglue.h5
[2026-04-19 19:53:17,457][root][INFO] - Finishing exporting matches.
[2026-04-19 19:53:17,460][root][INFO] - Generate empty model...
[2026-04-19 19:53:18,360][root][INFO] - Writing the COLMAP model to /home/hiro/OnePose/data/demo/test_coffee/sfm_model/outputs_superpoint_superglue/sfm_empty
[2026-04-19 19:53:18,369][root][INFO] - Finishing writing model.
[2026-04-19 19:53:19,439][root][INFO] - Importing features into the database...
[2026-04-19 19:53:19,608][root][INFO] - Importing matches into the database...
[2026-04-19 19:53:20,186][root][INFO] - Performing geometric verification of the matches...
[2026-04-19 19:53:29,635][root][INFO] - Running the triangulation...
[2026-04-19 19:53:29,635][root][INFO] - colmap point_triangulator --database_path /home/hiro/OnePose/data/demo/test_coffee/sfm_model/outputs_superpoint_superglue/sfm_ws/database.db --image_path / --input_path /home/hiro/OnePose/data/demo/test_coffee/sfm_model/outputs_superpoint_superglue/sfm_empty --output_path /home/hiro/OnePose/data/demo/test_coffee/sfm_model/outputs_superpoint_superglue/sfm_ws/model --Mapper.ba_refine_focal_length 0 --Mapper.ba_refine_principal_point 0 --Mapper.ba_refine_extra_params 0
[2026-04-19 20:27:53,981][root][INFO] - Exporting features to /home/hiro/OnePose/data/demo/test_coffee/sfm_model/outputs_superpoint_superglue/feats-superpoint.h5
[2026-04-19 20:28:02,982][root][INFO] - Finishing exporting features.
[2026-04-19 20:35:23,738][root][INFO] - Exporting features to /home/hiro/OnePose/data/demo/test_coffee/sfm_model/outputs_superpoint_superglue/feats-superpoint.h5
[2026-04-19 20:35:29,430][root][INFO] - Finishing exporting features.
[2026-04-19 20:41:12,611][root][INFO] - Exporting features to /home/hiro/OnePose/data/demo/test_coffee/sfm_model/outputs_superpoint_superglue/feats-superpoint.h5
[2026-04-19 20:41:30,088][root][INFO] - Finishing exporting features.
[2026-04-19 20:44:19,925][root][INFO] - Exporting features to /home/hiro/OnePose/data/demo/test_coffee/sfm_model/outputs_superpoint_superglue/feats-superpoint.h5
[2026-04-19 20:44:29,800][root][INFO] - Finishing exporting features.
[2026-04-19 20:44:30,611][root][INFO] - Exporting matches to /home/hiro/OnePose/data/demo/test_coffee/sfm_model/outputs_superpoint_superglue/matches-superglue.h5
[2026-04-19 20:45:22,663][root][INFO] - Finishing exporting matches.
[2026-04-19 20:45:22,668][root][INFO] - Generate empty model...
[2026-04-19 20:45:23,657][root][INFO] - Writing the COLMAP model to /home/hiro/OnePose/data/demo/test_coffee/sfm_model/outputs_superpoint_superglue/sfm_empty
[2026-04-19 20:45:23,665][root][INFO] - Finishing writing model.
[2026-04-19 20:45:25,477][root][INFO] - Importing features into the database...
[2026-04-19 20:45:25,743][root][INFO] - Importing matches into the database...
[2026-04-19 20:45:26,146][root][INFO] - Performing geometric verification of the matches...
[2026-04-19 20:45:38,698][root][INFO] - Running the triangulation...
[2026-04-19 20:45:38,698][root][INFO] - colmap point_triangulator --database_path /home/hiro/OnePose/data/demo/test_coffee/sfm_model/outputs_superpoint_superglue/sfm_ws/database.db --image_path / --input_path /home/hiro/OnePose/data/demo/test_coffee/sfm_model/outputs_superpoint_superglue/sfm_empty --output_path /home/hiro/OnePose/data/demo/test_coffee/sfm_model/outputs_superpoint_superglue/sfm_ws/model --Mapper.ba_refine_focal_length 0 --Mapper.ba_refine_principal_point 0 --Mapper.ba_refine_extra_params 0
[2026-04-19 20:59:24,100][root][INFO] - Exporting features to /home/hiro/OnePose/data/demo/test_coffee/sfm_model/outputs_superpoint_superglue/feats-superpoint.h5
[2026-04-19 20:59:30,273][root][INFO] - Finishing exporting features.
[2026-04-19 21:04:31,313][root][INFO] - Exporting features to /home/hiro/OnePose/data/demo/test_coffee/sfm_model/outputs_superpoint_superglue/feats-superpoint.h5
[2026-04-19 21:04:36,557][root][INFO] - Finishing exporting features.
[2026-04-19 21:15:06,025][root][INFO] - Exporting features to /home/hiro/OnePose/data/demo/test_coffee/sfm_model/outputs_superpoint_superglue/feats-superpoint.h5
[2026-04-19 21:15:12,105][root][INFO] - Finishing exporting features.
[2026-04-19 21:15:13,008][root][INFO] - Exporting matches to /home/hiro/OnePose/data/demo/test_coffee/sfm_model/outputs_superpoint_superglue/matches-superglue.h5
[2026-04-19 21:16:11,719][root][INFO] - Finishing exporting matches.
[2026-04-19 21:16:11,722][root][INFO] - Generate empty model...
[2026-04-19 21:16:12,594][root][INFO] - Writing the COLMAP model to /home/hiro/OnePose/data/demo/test_coffee/sfm_model/outputs_superpoint_superglue/sfm_empty
[2026-04-19 21:16:12,612][root][INFO] - Finishing writing model.
[2026-04-19 21:16:12,709][root][INFO] - Importing features into the database...
[2026-04-19 21:16:12,781][root][INFO] - Importing matches into the database...
[2026-04-19 21:16:13,045][root][INFO] - Performing geometric verification of the matches...
[2026-04-19 21:16:15,733][root][INFO] - Running the triangulation...
[2026-04-19 21:16:15,733][root][INFO] - colmap point_triangulator --database_path /home/hiro/OnePose/data/demo/test_coffee/sfm_model/outputs_superpoint_superglue/sfm_ws/database.db --image_path / --input_path /home/hiro/OnePose/data/demo/test_coffee/sfm_model/outputs_superpoint_superglue/sfm_empty --output_path /home/hiro/OnePose/data/demo/test_coffee/sfm_model/outputs_superpoint_superglue/sfm_ws/model --Mapper.ba_refine_focal_length 0 --Mapper.ba_refine_principal_point 0 --Mapper.ba_refine_extra_params 0
[2026-04-19 21:29:24,837][root][INFO] - Exporting features to /home/hiro/OnePose/data/demo/test_coffee/sfm_model/outputs_superpoint_superglue/feats-superpoint.h5
[2026-04-19 21:29:30,472][root][INFO] - Finishing exporting features.
[2026-04-19 21:36:28,660][root][INFO] - Exporting features to /home/hiro/OnePose/data/demo/test_coffee/sfm_model/outputs_superpoint_superglue/feats-superpoint.h5
[2026-04-19 21:36:34,443][root][INFO] - Finishing exporting features.
[2026-04-19 21:40:59,878][root][INFO] - Exporting features to /home/hiro/OnePose/data/demo/test_coffee/sfm_model/outputs_superpoint_superglue/feats-superpoint.h5
[2026-04-19 21:46:25,222][root][INFO] - Exporting features to /home/hiro/OnePose/data/demo/test_coffee/sfm_model/outputs_superpoint_superglue/feats-superpoint.h5
[2026-04-19 21:46:31,020][root][INFO] - Finishing exporting features.
[2026-04-19 21:46:31,640][root][INFO] - Exporting matches to /home/hiro/OnePose/data/demo/test_coffee/sfm_model/outputs_superpoint_superglue/matches-superglue.h5
[2026-04-19 21:47:24,445][root][INFO] - Finishing exporting matches.
[2026-04-19 21:47:24,448][root][INFO] - Generate empty model...
[2026-04-19 21:47:25,363][root][INFO] - Writing the COLMAP model to /home/hiro/OnePose/data/demo/test_coffee/sfm_model/outputs_superpoint_superglue/sfm_empty
[2026-04-19 21:47:25,381][root][INFO] - Finishing writing model.
[2026-04-19 21:47:25,485][root][INFO] - Importing features into the database...
[2026-04-19 21:47:25,551][root][INFO] - Importing matches into the database...
[2026-04-19 21:47:25,812][root][INFO] - Performing geometric verification of the matches...
[2026-04-19 21:47:28,879][root][INFO] - Running the triangulation...
[2026-04-19 21:47:28,880][root][INFO] - colmap point_triangulator --database_path /home/hiro/OnePose/data/demo/test_coffee/sfm_model/outputs_superpoint_superglue/sfm_ws/database.db --image_path / --input_path /home/hiro/OnePose/data/demo/test_coffee/sfm_model/outputs_superpoint_superglue/sfm_empty --output_path /home/hiro/OnePose/data/demo/test_coffee/sfm_model/outputs_superpoint_superglue/sfm_ws/model --Mapper.ba_refine_focal_length 0 --Mapper.ba_refine_principal_point 0 --Mapper.ba_refine_extra_params 0
[2026-04-19 22:01:56,800][root][INFO] - Exporting features to /home/hiro/OnePose/data/demo/test_coffee/sfm_model/outputs_superpoint_superglue/feats-superpoint.h5
[2026-04-19 22:02:02,606][root][INFO] - Finishing exporting features.
[2026-04-19 22:02:03,286][root][INFO] - Exporting matches to /home/hiro/OnePose/data/demo/test_coffee/sfm_model/outputs_superpoint_superglue/matches-superglue.h5
[2026-04-19 22:02:55,139][root][INFO] - Finishing exporting matches.
[2026-04-19 22:02:55,142][root][INFO] - Generate empty model...
[2026-04-19 22:02:56,110][root][INFO] - Writing the COLMAP model to /home/hiro/OnePose/data/demo/test_coffee/sfm_model/outputs_superpoint_superglue/sfm_empty
[2026-04-19 22:02:56,118][root][INFO] - Finishing writing model.
[2026-04-19 22:02:56,208][root][INFO] - Importing features into the database...
[2026-04-19 22:02:56,281][root][INFO] - Importing matches into the database...
[2026-04-19 22:02:56,568][root][INFO] - Performing geometric verification of the matches...
[2026-04-19 22:02:58,431][root][INFO] - Running the triangulation...
[2026-04-19 22:02:58,431][root][INFO] - colmap point_triangulator --database_path /home/hiro/OnePose/data/demo/test_coffee/sfm_model/outputs_superpoint_superglue/sfm_ws/database.db --image_path / --input_path /home/hiro/OnePose/data/demo/test_coffee/sfm_model/outputs_superpoint_superglue/sfm_empty --output_path /home/hiro/OnePose/data/demo/test_coffee/sfm_model/outputs_superpoint_superglue/sfm_ws/model --Mapper.ba_refine_focal_length 0 --Mapper.ba_refine_principal_point 0 --Mapper.ba_refine_extra_params 0
[2026-04-19 22:19:31,710][root][INFO] - Exporting features to /home/hiro/OnePose/data/demo/test_coffee/sfm_model/outputs_superpoint_superglue/feats-superpoint.h5
[2026-04-19 22:19:37,556][root][INFO] - Finishing exporting features.
[2026-04-19 22:30:44,951][root][INFO] - Exporting features to /home/hiro/OnePose/data/demo/test_coffee/sfm_model/outputs_superpoint_superglue/feats-superpoint.h5
[2026-04-19 22:30:50,797][root][INFO] - Finishing exporting features.
[2026-04-19 22:37:56,691][root][INFO] - Exporting features to /home/hiro/OnePose/data/demo/test_coffee/sfm_model/outputs_superpoint_superglue/feats-superpoint.h5
[2026-04-19 22:38:02,687][root][INFO] - Finishing exporting features.
[2026-04-19 22:42:22,488][root][INFO] - Exporting features to /home/hiro/OnePose/data/demo/test_coffee/sfm_model/outputs_superpoint_superglue/feats-superpoint.h5
[2026-04-19 22:42:28,440][root][INFO] - Finishing exporting features.
[2026-04-19 22:57:06,641][root][INFO] - Exporting features to /home/hiro/OnePose/data/demo/test_coffee/sfm_model/outputs_superpoint_superglue/feats-superpoint.h5
[2026-04-19 22:57:12,513][root][INFO] - Finishing exporting features.
[2026-04-19 22:57:13,343][root][INFO] - Exporting matches to /home/hiro/OnePose/data/demo/test_coffee/sfm_model/outputs_superpoint_superglue/matches-superglue.h5
[2026-04-19 22:58:10,120][root][INFO] - Finishing exporting matches.
[2026-04-19 22:58:10,124][root][INFO] - Generate empty model...
[2026-04-19 22:58:11,233][root][INFO] - Writing the COLMAP model to /home/hiro/OnePose/data/demo/test_coffee/sfm_model/outputs_superpoint_superglue/sfm_empty
[2026-04-19 22:58:11,244][root][INFO] - Finishing writing model.
[2026-04-19 22:58:11,353][root][INFO] - Importing features into the database...
[2026-04-19 22:58:11,427][root][INFO] - Importing matches into the database...
[2026-04-19 22:58:11,783][root][INFO] - Performing geometric verification of the matches...
[2026-04-19 22:58:15,230][root][INFO] - Running the triangulation...
[2026-04-19 22:58:15,230][root][INFO] - colmap point_triangulator --database_path /home/hiro/OnePose/data/demo/test_coffee/sfm_model/outputs_superpoint_superglue/sfm_ws/database.db --image_path / --input_path /home/hiro/OnePose/data/demo/test_coffee/sfm_model/outputs_superpoint_superglue/sfm_empty --output_path /home/hiro/OnePose/data/demo/test_coffee/sfm_model/outputs_superpoint_superglue/sfm_ws/model --Mapper.ba_refine_focal_length 0 --Mapper.ba_refine_principal_point 0 --Mapper.ba_refine_extra_params 0
[2026-04-19 23:18:09,222][root][INFO] - Exporting features to /home/hiro/OnePose/data/demo/test_coffee/sfm_model/outputs_superpoint_superglue/feats-superpoint.h5
[2026-04-19 23:18:15,359][root][INFO] - Finishing exporting features.
[2026-04-19 23:18:15,976][root][INFO] - Exporting matches to /home/hiro/OnePose/data/demo/test_coffee/sfm_model/outputs_superpoint_superglue/matches-superglue.h5
[2026-04-19 23:19:09,624][root][INFO] - Finishing exporting matches.
[2026-04-19 23:19:09,627][root][INFO] - Generate empty model...
[2026-04-19 23:19:10,562][root][INFO] - Writing the COLMAP model to /home/hiro/OnePose/data/demo/test_coffee/sfm_model/outputs_superpoint_superglue/sfm_empty
[2026-04-19 23:19:10,571][root][INFO] - Finishing writing model.
[2026-04-19 23:19:10,685][root][INFO] - Importing features into the database...
[2026-04-19 23:19:10,756][root][INFO] - Importing matches into the database...
[2026-04-19 23:19:11,031][root][INFO] - Performing geometric verification of the matches...
[2026-04-19 23:19:13,122][root][INFO] - Running the triangulation...
[2026-04-19 23:19:13,122][root][INFO] - colmap point_triangulator --database_path /home/hiro/OnePose/data/demo/test_coffee/sfm_model/outputs_superpoint_superglue/sfm_ws/database.db --image_path / --input_path /home/hiro/OnePose/data/demo/test_coffee/sfm_model/outputs_superpoint_superglue/sfm_empty --output_path /home/hiro/OnePose/data/demo/test_coffee/sfm_model/outputs_superpoint_superglue/sfm_ws/model --Mapper.ba_refine_focal_length 0 --Mapper.ba_refine_principal_point 0 --Mapper.ba_refine_extra_params 0
[2026-04-20 12:17:04,713][root][INFO] - Exporting features to /home/hiro/OnePose/data/demo/test_coffee/sfm_model/outputs_superpoint_superglue/feats-superpoint.h5
[2026-04-20 12:17:13,389][root][INFO] - Finishing exporting features.
[2026-04-20 12:17:14,296][root][INFO] - Exporting matches to /home/hiro/OnePose/data/demo/test_coffee/sfm_model/outputs_superpoint_superglue/matches-superglue.h5
[2026-04-20 12:32:16,245][root][INFO] - Exporting features to /home/hiro/OnePose/data/demo/test_coffee/sfm_model/outputs_superpoint_superglue/feats-superpoint.h5
[2026-04-20 12:32:23,683][root][INFO] - Finishing exporting features.
[2026-04-20 12:32:24,270][root][INFO] - Exporting matches to /home/hiro/OnePose/data/demo/test_coffee/sfm_model/outputs_superpoint_superglue/matches-superglue.h5
[2026-04-20 12:33:15,464][root][INFO] - Finishing exporting matches.
[2026-04-20 12:33:15,466][root][INFO] - Generate empty model...
[2026-04-20 12:33:16,376][root][INFO] - Writing the COLMAP model to /home/hiro/OnePose/data/demo/test_coffee/sfm_model/outputs_superpoint_superglue/sfm_empty
[2026-04-20 12:33:16,386][root][INFO] - Finishing writing model.
[2026-04-20 12:33:16,507][root][INFO] - Importing features into the database...
[2026-04-20 12:33:16,578][root][INFO] - Importing matches into the database...
[2026-04-20 12:33:16,838][root][INFO] - Performing geometric verification of the matches...
[2026-04-20 12:33:20,050][root][INFO] - Running the triangulation...
[2026-04-20 12:33:20,050][root][INFO] - colmap point_triangulator --database_path /home/hiro/OnePose/data/demo/test_coffee/sfm_model/outputs_superpoint_superglue/sfm_ws/database.db --image_path / --input_path /home/hiro/OnePose/data/demo/test_coffee/sfm_model/outputs_superpoint_superglue/sfm_empty --output_path /home/hiro/OnePose/data/demo/test_coffee/sfm_model/outputs_superpoint_superglue/sfm_ws/model --Mapper.ba_refine_focal_length 0 --Mapper.ba_refine_principal_point 0 --Mapper.ba_refine_extra_params 0
[2026-04-20 12:47:49,431][root][INFO] - Exporting features to /home/hiro/OnePose/data/demo/test_coffee/sfm_model/outputs_superpoint_superglue/feats-superpoint.h5
[2026-04-20 12:47:59,506][root][INFO] - Finishing exporting features.
[2026-04-20 12:48:00,910][root][INFO] - Exporting matches to /home/hiro/OnePose/data/demo/test_coffee/sfm_model/outputs_superpoint_superglue/matches-superglue.h5
[2026-04-20 12:48:58,109][root][INFO] - Finishing exporting matches.
[2026-04-20 12:48:58,112][root][INFO] - Generate empty model...
[2026-04-20 12:49:00,898][root][INFO] - Writing the COLMAP model to /home/hiro/OnePose/data/demo/test_coffee/sfm_model/outputs_superpoint_superglue/sfm_empty
[2026-04-20 12:49:00,908][root][INFO] - Finishing writing model.
[2026-04-20 12:49:01,099][root][INFO] - Importing features into the database...
[2026-04-20 12:49:01,169][root][INFO] - Importing matches into the database...
[2026-04-20 12:49:01,483][root][INFO] - Performing geometric verification of the matches...
[2026-04-20 12:49:04,550][root][INFO] - Running the triangulation...
[2026-04-20 12:49:04,550][root][INFO] - colmap point_triangulator --database_path /home/hiro/OnePose/data/demo/test_coffee/sfm_model/outputs_superpoint_superglue/sfm_ws/database.db --image_path / --input_path /home/hiro/OnePose/data/demo/test_coffee/sfm_model/outputs_superpoint_superglue/sfm_empty --output_path /home/hiro/OnePose/data/demo/test_coffee/sfm_model/outputs_superpoint_superglue/sfm_ws/model --Mapper.ba_refine_focal_length 0 --Mapper.ba_refine_principal_point 0 --Mapper.ba_refine_extra_params 0
[2026-04-20 12:56:20,586][root][INFO] - Exporting features to /home/hiro/OnePose/data/demo/test_coffee/sfm_model/outputs_superpoint_superglue/feats-superpoint.h5
[2026-04-20 12:56:26,253][root][INFO] - Finishing exporting features.
[2026-04-20 12:56:26,879][root][INFO] - Exporting matches to /home/hiro/OnePose/data/demo/test_coffee/sfm_model/outputs_superpoint_superglue/matches-superglue.h5
[2026-04-20 12:57:17,996][root][INFO] - Finishing exporting matches.
[2026-04-20 12:57:17,999][root][INFO] - Generate empty model...
[2026-04-20 12:57:18,845][root][INFO] - Writing the COLMAP model to /home/hiro/OnePose/data/demo/test_coffee/sfm_model/outputs_superpoint_superglue/sfm_empty
[2026-04-20 12:57:18,855][root][INFO] - Finishing writing model.
[2026-04-20 12:57:18,947][root][INFO] - Importing features into the database...
[2026-04-20 12:57:19,013][root][INFO] - Importing matches into the database...
[2026-04-20 12:57:19,272][root][INFO] - Performing geometric verification of the matches...
[2026-04-20 12:57:20,850][root][INFO] - Running the triangulation...
[2026-04-20 12:57:20,850][root][INFO] - colmap point_triangulator --database_path /home/hiro/OnePose/data/demo/test_coffee/sfm_model/outputs_superpoint_superglue/sfm_ws/database.db --image_path / --input_path /home/hiro/OnePose/data/demo/test_coffee/sfm_model/outputs_superpoint_superglue/sfm_empty --output_path /home/hiro/OnePose/data/demo/test_coffee/sfm_model/outputs_superpoint_superglue/sfm_ws/model --Mapper.ba_refine_focal_length 0 --Mapper.ba_refine_principal_point 0 --Mapper.ba_refine_extra_params 0
[2026-04-20 13:24:56,718][root][INFO] - Exporting features to /home/hiro/OnePose/data/demo/test_coffee/sfm_model/outputs_superpoint_superglue/feats-superpoint.h5
[2026-04-20 13:25:08,272][root][INFO] - Finishing exporting features.
[2026-04-20 13:25:12,287][root][INFO] - Exporting matches to /home/hiro/OnePose/data/demo/test_coffee/sfm_model/outputs_superpoint_superglue/matches-superglue.h5
[2026-04-20 13:26:06,805][root][INFO] - Finishing exporting matches.
[2026-04-20 13:26:06,807][root][INFO] - Generate empty model...
[2026-04-20 13:26:07,939][root][INFO] - Writing the COLMAP model to /home/hiro/OnePose/data/demo/test_coffee/sfm_model/outputs_superpoint_superglue/sfm_empty
[2026-04-20 13:26:07,976][root][INFO] - Finishing writing model.
[2026-04-20 13:26:09,314][root][INFO] - Importing features into the database...
[2026-04-20 13:26:09,580][root][INFO] - Importing matches into the database...
[2026-04-20 13:26:10,128][root][INFO] - Performing geometric verification of the matches...
[2026-04-20 13:26:17,978][root][INFO] - Running the triangulation...
[2026-04-20 13:26:17,979][root][INFO] - colmap point_triangulator --database_path /home/hiro/OnePose/data/demo/test_coffee/sfm_model/outputs_superpoint_superglue/sfm_ws/database.db --image_path / --input_path /home/hiro/OnePose/data/demo/test_coffee/sfm_model/outputs_superpoint_superglue/sfm_empty --output_path /home/hiro/OnePose/data/demo/test_coffee/sfm_model/outputs_superpoint_superglue/sfm_ws/model --Mapper.ba_refine_focal_length 0 --Mapper.ba_refine_principal_point 0 --Mapper.ba_refine_extra_params 0
[2026-04-20 13:37:09,493][root][INFO] - Exporting features to /home/hiro/OnePose/data/demo/test_coffee/sfm_model/outputs_superpoint_superglue/feats-superpoint.h5
[2026-04-20 13:37:15,228][root][INFO] - Finishing exporting features.
[2026-04-20 13:37:15,848][root][INFO] - Exporting matches to /home/hiro/OnePose/data/demo/test_coffee/sfm_model/outputs_superpoint_superglue/matches-superglue.h5
[2026-04-20 13:38:07,695][root][INFO] - Finishing exporting matches.
[2026-04-20 13:38:07,698][root][INFO] - Generate empty model...
[2026-04-20 13:38:08,559][root][INFO] - Writing the COLMAP model to /home/hiro/OnePose/data/demo/test_coffee/sfm_model/outputs_superpoint_superglue/sfm_empty
[2026-04-20 13:38:08,568][root][INFO] - Finishing writing model.
[2026-04-20 13:38:08,651][root][INFO] - Importing features into the database...
[2026-04-20 13:38:08,718][root][INFO] - Importing matches into the database...
[2026-04-20 13:38:08,976][root][INFO] - Performing geometric verification of the matches...
[2026-04-20 13:38:10,587][root][INFO] - Running the triangulation...
[2026-04-20 13:38:10,588][root][INFO] - colmap point_triangulator --database_path /home/hiro/OnePose/data/demo/test_coffee/sfm_model/outputs_superpoint_superglue/sfm_ws/database.db --image_path / --input_path /home/hiro/OnePose/data/demo/test_coffee/sfm_model/outputs_superpoint_superglue/sfm_empty --output_path /home/hiro/OnePose/data/demo/test_coffee/sfm_model/outputs_superpoint_superglue/sfm_ws/model --Mapper.ba_refine_focal_length 0 --Mapper.ba_refine_principal_point 0 --Mapper.ba_refine_extra_params 0
[2026-04-20 13:52:17,403][root][INFO] - Exporting features to /home/hiro/OnePose/data/demo/test_coffee/sfm_model/outputs_superpoint_superglue/feats-superpoint.h5
[2026-04-20 13:52:23,083][root][INFO] - Finishing exporting features.
[2026-04-20 13:52:23,651][root][INFO] - Exporting matches to /home/hiro/OnePose/data/demo/test_coffee/sfm_model/outputs_superpoint_superglue/matches-superglue.h5
[2026-04-20 13:53:15,657][root][INFO] - Finishing exporting matches.
[2026-04-20 13:53:15,661][root][INFO] - Generate empty model...
[2026-04-20 13:53:16,806][root][INFO] - Writing the COLMAP model to /home/hiro/OnePose/data/demo/test_coffee/sfm_model/outputs_superpoint_superglue/sfm_empty
[2026-04-20 13:53:16,814][root][INFO] - Finishing writing model.
[2026-04-20 13:53:16,911][root][INFO] - Importing features into the database...
[2026-04-20 13:53:16,992][root][INFO] - Importing matches into the database...
[2026-04-20 13:53:17,284][root][INFO] - Performing geometric verification of the matches...
[2026-04-20 13:53:18,931][root][INFO] - Running the triangulation...
[2026-04-20 13:53:18,931][root][INFO] - colmap point_triangulator --database_path /home/hiro/OnePose/data/demo/test_coffee/sfm_model/outputs_superpoint_superglue/sfm_ws/database.db --image_path / --input_path /home/hiro/OnePose/data/demo/test_coffee/sfm_model/outputs_superpoint_superglue/sfm_empty --output_path /home/hiro/OnePose/data/demo/test_coffee/sfm_model/outputs_superpoint_superglue/sfm_ws/model --Mapper.ba_refine_focal_length 0 --Mapper.ba_refine_principal_point 0 --Mapper.ba_refine_extra_params 0
[2026-04-20 16:40:04,298][root][INFO] - Exporting features to /home/hiro/OnePose/data/demo/test_coffee/sfm_model/outputs_superpoint_superglue/feats-superpoint.h5
[2026-04-20 16:40:09,869][root][INFO] - Finishing exporting features.
[2026-04-20 16:40:13,252][root][INFO] - Exporting matches to /home/hiro/OnePose/data/demo/test_coffee/sfm_model/outputs_superpoint_superglue/matches-superglue.h5
[2026-04-20 16:41:05,180][root][INFO] - Finishing exporting matches.
[2026-04-20 16:41:05,184][root][INFO] - Generate empty model...
[2026-04-20 16:41:06,192][root][INFO] - Writing the COLMAP model to /home/hiro/OnePose/data/demo/test_coffee/sfm_model/outputs_superpoint_superglue/sfm_empty
[2026-04-20 16:41:06,202][root][INFO] - Finishing writing model.
[2026-04-20 16:41:06,324][root][INFO] - Importing features into the database...
[2026-04-20 16:41:06,402][root][INFO] - Importing matches into the database...
[2026-04-20 16:41:06,704][root][INFO] - Performing geometric verification of the matches...
[2026-04-20 16:41:10,635][root][INFO] - Running the triangulation...
[2026-04-20 16:41:10,636][root][INFO] - colmap point_triangulator --database_path /home/hiro/OnePose/data/demo/test_coffee/sfm_model/outputs_superpoint_superglue/sfm_ws/database.db --image_path / --input_path /home/hiro/OnePose/data/demo/test_coffee/sfm_model/outputs_superpoint_superglue/sfm_empty --output_path /home/hiro/OnePose/data/demo/test_coffee/sfm_model/outputs_superpoint_superglue/sfm_ws/model --Mapper.ba_refine_focal_length 0 --Mapper.ba_refine_principal_point 0 --Mapper.ba_refine_extra_params 0
[2026-04-28 16:25:04,592][root][INFO] - Exporting features to /home/hiro/OnePose/data/demo/test_coffee/sfm_model/outputs_superpoint_superglue/feats-superpoint.h5
[2026-04-28 16:25:20,966][root][INFO] - Finishing exporting features.
[2026-04-28 16:25:31,319][root][INFO] - Exporting matches to /home/hiro/OnePose/data/demo/test_coffee/sfm_model/outputs_superpoint_superglue/matches-superglue.h5
[2026-04-28 16:26:26,560][root][INFO] - Finishing exporting matches.
[2026-04-28 16:26:26,566][root][INFO] - Generate empty model...
[2026-04-28 16:26:28,404][root][INFO] - Writing the COLMAP model to /home/hiro/OnePose/data/demo/test_coffee/sfm_model/outputs_superpoint_superglue/sfm_empty
[2026-04-28 16:26:28,451][root][INFO] - Finishing writing model.
[2026-04-28 16:26:29,541][root][INFO] - Importing features into the database...
[2026-04-28 16:26:29,767][root][INFO] - Importing matches into the database...
[2026-04-28 16:26:30,238][root][INFO] - Performing geometric verification of the matches...
[2026-04-28 16:26:33,049][root][INFO] - Running the triangulation...
[2026-04-28 16:26:33,049][root][INFO] - colmap point_triangulator --database_path /home/hiro/OnePose/data/demo/test_coffee/sfm_model/outputs_superpoint_superglue/sfm_ws/database.db --image_path / --input_path /home/hiro/OnePose/data/demo/test_coffee/sfm_model/outputs_superpoint_superglue/sfm_empty --output_path /home/hiro/OnePose/data/demo/test_coffee/sfm_model/outputs_superpoint_superglue/sfm_ws/model --Mapper.ba_refine_focal_length 0 --Mapper.ba_refine_principal_point 0 --Mapper.ba_refine_extra_params 0
[2026-04-28 17:43:09,408][root][INFO] - Exporting features to /home/hiro/OnePose/data/demo/test_coffee/sfm_model/outputs_superpoint_superglue/feats-superpoint.h5
[2026-04-28 17:43:15,945][root][INFO] - Finishing exporting features.
[2026-04-28 17:43:16,874][root][INFO] - Exporting matches to /home/hiro/OnePose/data/demo/test_coffee/sfm_model/outputs_superpoint_superglue/matches-superglue.h5
[2026-04-28 17:44:19,282][root][INFO] - Finishing exporting matches.
[2026-04-28 17:44:19,285][root][INFO] - Generate empty model...
[2026-04-28 17:44:20,195][root][INFO] - Writing the COLMAP model to /home/hiro/OnePose/data/demo/test_coffee/sfm_model/outputs_superpoint_superglue/sfm_empty
[2026-04-28 17:44:20,203][root][INFO] - Finishing writing model.
[2026-04-28 17:44:20,335][root][INFO] - Importing features into the database...
[2026-04-28 17:44:20,420][root][INFO] - Importing matches into the database...
[2026-04-28 17:44:20,771][root][INFO] - Performing geometric verification of the matches...
[2026-04-28 17:44:23,899][root][INFO] - Running the triangulation...
[2026-04-28 17:44:23,899][root][INFO] - colmap point_triangulator --database_path /home/hiro/OnePose/data/demo/test_coffee/sfm_model/outputs_superpoint_superglue/sfm_ws/database.db --image_path / --input_path /home/hiro/OnePose/data/demo/test_coffee/sfm_model/outputs_superpoint_superglue/sfm_empty --output_path /home/hiro/OnePose/data/demo/test_coffee/sfm_model/outputs_superpoint_superglue/sfm_ws/model --Mapper.ba_refine_focal_length 0 --Mapper.ba_refine_principal_point 0 --Mapper.ba_refine_extra_params 0
